disjobSystem/app/build/intermediates/manifest_merge_blame_file/debug/manifest-merger-blame-debug-report.txt
1<?xml version="1.0" encoding="utf-8"?>
2<manifest xmlns:android="http://schemas.android.com/apk/res/android"
3    package="com.example.rec"
4    android:versionCode="1"
5    android:versionName="1.0" >
6
7    <uses-sdk
8        android:minSdkVersion="28"
8-->src\main\AndroidManifest.xml
9        android:targetSdkVersion="33" />
9-->src\main\AndroidManifest.xml
10
11    <uses-permission android:name="android.permission.ACCESS_FINE_LOCATION" />
11-->src\main\AndroidManifest.xml:4:5-5:45
11-->src\main\AndroidManifest.xml:4:22-76
12    <!-- 인터넷 권한 설정 -->
13    <uses-permission android:name="android.permission.INTERNET" />
13-->src\main\AndroidManifest.xml:7:5-67
13-->src\main\AndroidManifest.xml:7:22-64
14    <!-- 인터넷 연결 확인 -->
15    <uses-permission android:name="android.permission.ACCESS_NETWORK_STATE" />
15-->src\main\AndroidManifest.xml:9:5-78
15-->src\main\AndroidManifest.xml:9:22-76
16    <uses-permission android:name="android.permission.ACCESS_FINE_LOCATION" />
16-->src\main\AndroidManifest.xml:4:5-5:45
16-->src\main\AndroidManifest.xml:4:22-76
17    <uses-permission android:name="android.permission.ACCESS_COARSE_LOCATION" />
17-->src\main\AndroidManifest.xml:11:5-80
17-->src\main\AndroidManifest.xml:11:22-78
18
19    <application
19-->src\main\AndroidManifest.xml:12:5-38:19
20        android:allowBackup="true"
20-->src\main\AndroidManifest.xml:13:9-35
21        android:appComponentFactory="android.support.v4.app.CoreComponentFactory"
21-->[com.android.support:support-compat:28.0.0] AndroidManifest.xml:22:18-91
22        android:dataExtractionRules="@xml/data_extraction_rules"
22-->src\main\AndroidManifest.xml:15:9-65
23        android:debuggable="true"
24        android:extractNativeLibs="false"
25        android:fullBackupContent="@xml/backup_rules"
25-->src\main\AndroidManifest.xml:16:9-54
26        android:icon="@mipmap/ic_main"
26-->src\main\AndroidManifest.xml:17:9-39
27        android:label="DisJob"
27-->src\main\AndroidManifest.xml:19:9-31
28        android:roundIcon="@mipmap/ic_main_round"
28-->src\main\AndroidManifest.xml:18:9-50
29        android:supportsRtl="true"
29-->src\main\AndroidManifest.xml:20:9-35
30        android:testOnly="true"
31        android:theme="@style/Theme.Rec"
31-->src\main\AndroidManifest.xml:21:9-41
32        android:usesCleartextTraffic="true" >
32-->src\main\AndroidManifest.xml:14:9-44
33        <activity
33-->src\main\AndroidManifest.xml:23:9-26:54
34            android:name="com.example.rec.MainActivity"
34-->src\main\AndroidManifest.xml:24:13-41
35            android:exported="true"
35-->src\main\AndroidManifest.xml:25:13-36
36            android:windowSoftInputMode="adjustPan" />
36-->src\main\AndroidManifest.xml:26:13-52
37        <activity
37-->src\main\AndroidManifest.xml:27:9-37:20
38            android:name="com.example.rec.SplashScreen"
38-->src\main\AndroidManifest.xml:28:13-41
39            android:exported="true"
39-->src\main\AndroidManifest.xml:29:13-36
40            android:screenOrientation="portrait"
40-->src\main\AndroidManifest.xml:30:13-49
41            android:theme="@style/Theme.AppCompat.Light.NoActionBar" >
41-->src\main\AndroidManifest.xml:31:13-69
42            <intent-filter>
42-->src\main\AndroidManifest.xml:32:13-36:29
43                <action android:name="android.intent.action.MAIN" />
43-->src\main\AndroidManifest.xml:33:17-69
43-->src\main\AndroidManifest.xml:33:25-66
44
45                <category android:name="android.intent.category.LAUNCHER" />
45-->src\main\AndroidManifest.xml:35:17-77
45-->src\main\AndroidManifest.xml:35:27-74
46            </intent-filter>
47        </activity>
48    </application>
49
50</manifest>